<component name="libraryTable">
  <library name="junit-4.8.2-src">
    <CLASSES />
    <JAVADOC />
    <SOURCES>
      <root url="jar:///Volumes/homes/MyResearch/CEDD_code/lib/junit_4/junit-4.8.2-src.jar!/" />
    </SOURCES>
  </library>
</component>