<component name="libraryTable">
  <library name="junit-3.8.2">
    <CLASSES>
      <root url="jar:///Volumes/homes/MyResearch/CEDD_code/lib/junit/junit-3.8.2.jar!/" />
    </CLASSES>
    <JAVADOC />
    <SOURCES />
  </library>
</component>